Hmm ... looks like a package
Converting parsed Rd's to LaTeX ..
Creating pdf output from LaTeX ...

This is pdfTeX, Version 3.141592653-2.6-1.40.26 (TeX Live 2024) (preloaded format=pdflatex)
 restricted \write18 enabled.
entering extended mode
LaTeX2e <2023-11-01> patch level 1
L3 programming layer <2024-02-20>
(./Rd2.tex
(/usr/local/texlive/2024/texmf-dist/tex/latex/base/book.cls
Document Class: book 2023/05/17 v1.4n Standard LaTeX document class
(/usr/local/texlive/2024/texmf-dist/tex/latex/base/bk10.clo))
(/Library/Frameworks/R.framework/Resources/share/texmf/tex/latex/Rd.sty
(/usr/local/texlive/2024/texmf-dist/tex/latex/base/ifthen.sty)
(/usr/local/texlive/2024/texmf-dist/tex/generic/iftex/iftex.sty)
(/usr/local/texlive/2024/texmf-dist/tex/latex/tools/longtable.sty)
(/usr/local/texlive/2024/texmf-dist/tex/latex/tools/bm.sty)
(/usr/local/texlive/2024/texmf-dist/tex/latex/base/alltt.sty)
(/usr/local/texlive/2024/texmf-dist/tex/latex/tools/verbatim.sty)
(/usr/local/texlive/2024/texmf-dist/tex/latex/url/url.sty)
(/usr/local/texlive/2024/texmf-dist/tex/latex/base/textcomp.sty)
(/usr/local/texlive/2024/texmf-dist/tex/latex/amsmath/amsmath.sty
For additional information on amsmath, use the `?' option.
(/usr/local/texlive/2024/texmf-dist/tex/latex/amsmath/amstext.sty
(/usr/local/texlive/2024/texmf-dist/tex/latex/amsmath/amsgen.sty))
(/usr/local/texlive/2024/texmf-dist/tex/latex/amsmath/amsbsy.sty)
(/usr/local/texlive/2024/texmf-dist/tex/latex/amsmath/amsopn.sty))
(/usr/local/texlive/2024/texmf-dist/tex/latex/amsfonts/amsfonts.sty)
(/usr/local/texlive/2024/texmf-dist/tex/latex/amsfonts/amssymb.sty)
(/usr/local/texlive/2024/texmf-dist/tex/latex/jknapltx/mathrsfs.sty)
(/usr/local/texlive/2024/texmf-dist/tex/latex/base/fontenc.sty)
(/usr/local/texlive/2024/texmf-dist/tex/latex/psnfss/times.sty)
(/usr/local/texlive/2024/texmf-dist/tex/latex/inconsolata/zi4.sty
`inconsolata-zi4' v1.12, 2019/05/17 Text macros for Inconsolata (msharpe)
(/usr/local/texlive/2024/texmf-dist/tex/latex/xkeyval/xkeyval.sty
(/usr/local/texlive/2024/texmf-dist/tex/generic/xkeyval/xkeyval.tex
(/usr/local/texlive/2024/texmf-dist/tex/generic/xkeyval/xkvutils.tex
(/usr/local/texlive/2024/texmf-dist/tex/generic/xkeyval/keyval.tex)))))
(/usr/local/texlive/2024/texmf-dist/tex/latex/graphics/color.sty
(/usr/local/texlive/2024/texmf-dist/tex/latex/graphics-cfg/color.cfg)
(/usr/local/texlive/2024/texmf-dist/tex/latex/graphics-def/pdftex.def)
(/usr/local/texlive/2024/texmf-dist/tex/latex/graphics/mathcolor.ltx))
(/usr/local/texlive/2024/texmf-dist/tex/latex/hyperref/hyperref.sty
(/usr/local/texlive/2024/texmf-dist/tex/latex/kvsetkeys/kvsetkeys.sty)
(/usr/local/texlive/2024/texmf-dist/tex/generic/kvdefinekeys/kvdefinekeys.sty)
(/usr/local/texlive/2024/texmf-dist/tex/generic/pdfescape/pdfescape.sty
(/usr/local/texlive/2024/texmf-dist/tex/generic/ltxcmds/ltxcmds.sty)
(/usr/local/texlive/2024/texmf-dist/tex/generic/pdftexcmds/pdftexcmds.sty
(/usr/local/texlive/2024/texmf-dist/tex/generic/infwarerr/infwarerr.sty)))
(/usr/local/texlive/2024/texmf-dist/tex/latex/hycolor/hycolor.sty)
(/usr/local/texlive/2024/texmf-dist/tex/latex/auxhook/auxhook.sty)
(/usr/local/texlive/2024/texmf-dist/tex/latex/hyperref/nameref.sty
(/usr/local/texlive/2024/texmf-dist/tex/latex/refcount/refcount.sty)
(/usr/local/texlive/2024/texmf-dist/tex/generic/gettitlestring/gettitlestring.s
ty (/usr/local/texlive/2024/texmf-dist/tex/latex/kvoptions/kvoptions.sty)))
(/usr/local/texlive/2024/texmf-dist/tex/latex/etoolbox/etoolbox.sty)
(/usr/local/texlive/2024/texmf-dist/tex/latex/hyperref/pd1enc.def)
(/usr/local/texlive/2024/texmf-dist/tex/generic/intcalc/intcalc.sty)
(/usr/local/texlive/2024/texmf-dist/tex/latex/hyperref/puenc.def)
(/usr/local/texlive/2024/texmf-dist/tex/generic/bitset/bitset.sty
(/usr/local/texlive/2024/texmf-dist/tex/generic/bigintcalc/bigintcalc.sty))
(/usr/local/texlive/2024/texmf-dist/tex/latex/base/atbegshi-ltx.sty))
(/usr/local/texlive/2024/texmf-dist/tex/latex/hyperref/hpdftex.def
(/usr/local/texlive/2024/texmf-dist/tex/latex/base/atveryend-ltx.sty)
(/usr/local/texlive/2024/texmf-dist/tex/latex/rerunfilecheck/rerunfilecheck.sty

(/usr/local/texlive/2024/texmf-dist/tex/generic/uniquecounter/uniquecounter.sty
)))) (/usr/local/texlive/2024/texmf-dist/tex/latex/base/makeidx.sty)
Writing index file Rd2.idx
(/usr/local/texlive/2024/texmf-dist/tex/latex/psnfss/t1ptm.fd)
(/usr/local/texlive/2024/texmf-dist/tex/latex/l3backend/l3backend-pdftex.def)
No file Rd2.aux.
(/usr/local/texlive/2024/texmf-dist/tex/context/base/mkii/supp-pdf.mkii
[Loading MPS to PDF converter (version 2006.09.02).]
) (/usr/local/texlive/2024/texmf-dist/tex/latex/inconsolata/t1zi4.fd)
(/usr/local/texlive/2024/texmf-dist/tex/latex/amsfonts/umsa.fd)
(/usr/local/texlive/2024/texmf-dist/tex/latex/amsfonts/umsb.fd)
(/usr/local/texlive/2024/texmf-dist/tex/latex/jknapltx/ursfs.fd)
No file Rd2.toc.

Overfull \hbox (36.25578pt too wide) in paragraph at lines 44--48
[]\T1/ptm/m/n/10 A func-tion that con-verts a data ta-ble of HLA al-lele am-bi-
gu-i-ties (e.g. as cre-ated by `GLstring_expand_longer`)
[1{/usr/local/texlive/2024/texmf-var/fonts/map/pdftex/updmap/pdftex.map}{/usr/l
ocal/texlive/2024/texmf-dist/fonts/enc/dvips/base/8r.enc}{/usr/local/texlive/20
24/texmf-dist/fonts/enc/dvips/inconsolata/i4-t1-0.enc}] [2] [3] [4] [5]
Overfull \hbox (8.72697pt too wide) in paragraph at lines 313--316
[]\T1/ptm/m/n/10 A data frame with the first geno-type am-bi-gu-ity re-tained i
n the orig-i-nal columns. If []\T1/zi4/m/n/10 keep_ambiguities

Overfull \hbox (32.27168pt too wide) in paragraph at lines 322--322
 []\T1/zi4/m/n/9 HLA_A = c("A*01:01+A*68:01|A*01:02+A*68:55|A*01:99+A*68:66", "
A*02:01+A*03:01|A*02:02+A*03:03"),[] 

Overfull \hbox (12.75941pt too wide) in paragraph at lines 327--327
 []\T1/zi4/m/n/9 GLstring_genotype_ambiguity(HLA_type, columns = c("HLA_A", "HL
A_B"), keep_ambiguities = TRUE)[] 
[6]
Underfull \hbox (badness 10000) in paragraph at lines 365--365
[]\T1/ptm/m/it/10 Ten HLA-A~C~B~DRB3/4/5~DRB1~DQA1~DQB1~DPA1~DPB1
[7] [8] [9]
Overfull \hbox (52.0458pt too wide) in paragraph at lines 533--538
[]\T1/ptm/m/n/10 Calculates the num-ber of HLA matches as two mi-nus the num-be
r of mis-matches from `HLA_mismatch_number`.
[10] [11] [12]
Overfull \hbox (44.26862pt too wide) in paragraph at lines 716--716
 []\T1/zi4/m/n/9 # "HLA-A=HLA-A3+HLA-A69, HLA-Cw=HLA-Cw10+HLA-Cw9, HLA-DR51/52/
53=HLA-DR53, HLA-DPB1=HLA-DPB1*04:02"[] 
[13] [14]
Overfull \hbox (44.26862pt too wide) in paragraph at lines 782--782
 []\T1/zi4/m/n/9 # "HLA-A=HLA-A3+HLA-A69, HLA-Cw=HLA-Cw10+HLA-Cw9, HLA-DR51/52/
53=HLA-DR53, HLA-DPB1=HLA-DPB1*04:02"[] 
[15] [16] [17] [18] [19] [20] [21]
No file Rd2.ind.
[22]
(/private/var/folders/ty/t6ly5vw106q21p3tlt70_7_r0000gn/T/RtmpBzLuXo/Rd2pdfc1c7
2faa023d/Rd2.aux)

Package rerunfilecheck Warning: File `Rd2.out' has changed.
(rerunfilecheck)                Rerun to get outlines right
(rerunfilecheck)                or use package `bookmark'.

 )
(see the transcript file for additional information)</usr/local/texlive/2024/te
xmf-dist/fonts/type1/public/inconsolata/Inconsolata-zi4r.pfb></usr/local/texliv
e/2024/texmf-dist/fonts/type1/urw/times/utmb8a.pfb></usr/local/texlive/2024/tex
mf-dist/fonts/type1/urw/times/utmr8a.pfb></usr/local/texlive/2024/texmf-dist/fo
nts/type1/urw/times/utmr8a.pfb></usr/local/texlive/2024/texmf-dist/fonts/type1/
urw/times/utmri8a.pfb>
Output written on Rd2.pdf (22 pages, 120690 bytes).
Transcript written on Rd2.log.
This is makeindex, version 2.17 [TeX Live 2024] (kpathsea + Thai support).
Scanning input file Rd2.idx....done (32 entries accepted, 0 rejected).
Sorting entries....done (156 comparisons).
Generating output file Rd2.ind....done (52 lines written, 0 warnings).
Output written in Rd2.ind.
Transcript written in Rd2.ilg.
This is pdfTeX, Version 3.141592653-2.6-1.40.26 (TeX Live 2024) (preloaded format=pdflatex)
 restricted \write18 enabled.
entering extended mode
LaTeX2e <2023-11-01> patch level 1
L3 programming layer <2024-02-20>
(./Rd2.tex
(/usr/local/texlive/2024/texmf-dist/tex/latex/base/book.cls
Document Class: book 2023/05/17 v1.4n Standard LaTeX document class
(/usr/local/texlive/2024/texmf-dist/tex/latex/base/bk10.clo))
(/Library/Frameworks/R.framework/Resources/share/texmf/tex/latex/Rd.sty
(/usr/local/texlive/2024/texmf-dist/tex/latex/base/ifthen.sty)
(/usr/local/texlive/2024/texmf-dist/tex/generic/iftex/iftex.sty)
(/usr/local/texlive/2024/texmf-dist/tex/latex/tools/longtable.sty)
(/usr/local/texlive/2024/texmf-dist/tex/latex/tools/bm.sty)
(/usr/local/texlive/2024/texmf-dist/tex/latex/base/alltt.sty)
(/usr/local/texlive/2024/texmf-dist/tex/latex/tools/verbatim.sty)
(/usr/local/texlive/2024/texmf-dist/tex/latex/url/url.sty)
(/usr/local/texlive/2024/texmf-dist/tex/latex/base/textcomp.sty)
(/usr/local/texlive/2024/texmf-dist/tex/latex/amsmath/amsmath.sty
For additional information on amsmath, use the `?' option.
(/usr/local/texlive/2024/texmf-dist/tex/latex/amsmath/amstext.sty
(/usr/local/texlive/2024/texmf-dist/tex/latex/amsmath/amsgen.sty))
(/usr/local/texlive/2024/texmf-dist/tex/latex/amsmath/amsbsy.sty)
(/usr/local/texlive/2024/texmf-dist/tex/latex/amsmath/amsopn.sty))
(/usr/local/texlive/2024/texmf-dist/tex/latex/amsfonts/amsfonts.sty)
(/usr/local/texlive/2024/texmf-dist/tex/latex/amsfonts/amssymb.sty)
(/usr/local/texlive/2024/texmf-dist/tex/latex/jknapltx/mathrsfs.sty)
(/usr/local/texlive/2024/texmf-dist/tex/latex/base/fontenc.sty)
(/usr/local/texlive/2024/texmf-dist/tex/latex/psnfss/times.sty)
(/usr/local/texlive/2024/texmf-dist/tex/latex/inconsolata/zi4.sty
`inconsolata-zi4' v1.12, 2019/05/17 Text macros for Inconsolata (msharpe)
(/usr/local/texlive/2024/texmf-dist/tex/latex/xkeyval/xkeyval.sty
(/usr/local/texlive/2024/texmf-dist/tex/generic/xkeyval/xkeyval.tex
(/usr/local/texlive/2024/texmf-dist/tex/generic/xkeyval/xkvutils.tex
(/usr/local/texlive/2024/texmf-dist/tex/generic/xkeyval/keyval.tex)))))
(/usr/local/texlive/2024/texmf-dist/tex/latex/graphics/color.sty
(/usr/local/texlive/2024/texmf-dist/tex/latex/graphics-cfg/color.cfg)
(/usr/local/texlive/2024/texmf-dist/tex/latex/graphics-def/pdftex.def)
(/usr/local/texlive/2024/texmf-dist/tex/latex/graphics/mathcolor.ltx))
(/usr/local/texlive/2024/texmf-dist/tex/latex/hyperref/hyperref.sty
(/usr/local/texlive/2024/texmf-dist/tex/latex/kvsetkeys/kvsetkeys.sty)
(/usr/local/texlive/2024/texmf-dist/tex/generic/kvdefinekeys/kvdefinekeys.sty)
(/usr/local/texlive/2024/texmf-dist/tex/generic/pdfescape/pdfescape.sty
(/usr/local/texlive/2024/texmf-dist/tex/generic/ltxcmds/ltxcmds.sty)
(/usr/local/texlive/2024/texmf-dist/tex/generic/pdftexcmds/pdftexcmds.sty
(/usr/local/texlive/2024/texmf-dist/tex/generic/infwarerr/infwarerr.sty)))
(/usr/local/texlive/2024/texmf-dist/tex/latex/hycolor/hycolor.sty)
(/usr/local/texlive/2024/texmf-dist/tex/latex/auxhook/auxhook.sty)
(/usr/local/texlive/2024/texmf-dist/tex/latex/hyperref/nameref.sty
(/usr/local/texlive/2024/texmf-dist/tex/latex/refcount/refcount.sty)
(/usr/local/texlive/2024/texmf-dist/tex/generic/gettitlestring/gettitlestring.s
ty (/usr/local/texlive/2024/texmf-dist/tex/latex/kvoptions/kvoptions.sty)))
(/usr/local/texlive/2024/texmf-dist/tex/latex/etoolbox/etoolbox.sty)
(/usr/local/texlive/2024/texmf-dist/tex/latex/hyperref/pd1enc.def)
(/usr/local/texlive/2024/texmf-dist/tex/generic/intcalc/intcalc.sty)
(/usr/local/texlive/2024/texmf-dist/tex/latex/hyperref/puenc.def)
(/usr/local/texlive/2024/texmf-dist/tex/generic/bitset/bitset.sty
(/usr/local/texlive/2024/texmf-dist/tex/generic/bigintcalc/bigintcalc.sty))
(/usr/local/texlive/2024/texmf-dist/tex/latex/base/atbegshi-ltx.sty))
(/usr/local/texlive/2024/texmf-dist/tex/latex/hyperref/hpdftex.def
(/usr/local/texlive/2024/texmf-dist/tex/latex/base/atveryend-ltx.sty)
(/usr/local/texlive/2024/texmf-dist/tex/latex/rerunfilecheck/rerunfilecheck.sty

(/usr/local/texlive/2024/texmf-dist/tex/generic/uniquecounter/uniquecounter.sty
)))) (/usr/local/texlive/2024/texmf-dist/tex/latex/base/makeidx.sty)
Writing index file Rd2.idx
(/usr/local/texlive/2024/texmf-dist/tex/latex/psnfss/t1ptm.fd)
(/usr/local/texlive/2024/texmf-dist/tex/latex/l3backend/l3backend-pdftex.def)
(/private/var/folders/ty/t6ly5vw106q21p3tlt70_7_r0000gn/T/RtmpBzLuXo/Rd2pdfc1c7
2faa023d/Rd2.aux)
(/usr/local/texlive/2024/texmf-dist/tex/context/base/mkii/supp-pdf.mkii
[Loading MPS to PDF converter (version 2006.09.02).]
)
(/private/var/folders/ty/t6ly5vw106q21p3tlt70_7_r0000gn/T/RtmpBzLuXo/Rd2pdfc1c7
2faa023d/Rd2.out)
(/private/var/folders/ty/t6ly5vw106q21p3tlt70_7_r0000gn/T/RtmpBzLuXo/Rd2pdfc1c7
2faa023d/Rd2.out)
(/usr/local/texlive/2024/texmf-dist/tex/latex/inconsolata/t1zi4.fd)
(/usr/local/texlive/2024/texmf-dist/tex/latex/amsfonts/umsa.fd)
(/usr/local/texlive/2024/texmf-dist/tex/latex/amsfonts/umsb.fd)
(/usr/local/texlive/2024/texmf-dist/tex/latex/jknapltx/ursfs.fd)
(/private/var/folders/ty/t6ly5vw106q21p3tlt70_7_r0000gn/T/RtmpBzLuXo/Rd2pdfc1c7
2faa023d/Rd2.toc [1{/usr/local/texlive/2024/texmf-var/fonts/map/pdftex/updmap/p
dftex.map}{/usr/local/texlive/2024/texmf-dist/fonts/enc/dvips/base/8r.enc}{/usr
/local/texlive/2024/texmf-dist/fonts/enc/dvips/inconsolata/i4-t1-0.enc}])
Overfull \hbox (36.25578pt too wide) in paragraph at lines 44--48
[]\T1/ptm/m/n/10 A func-tion that con-verts a data ta-ble of HLA al-lele am-bi-
gu-i-ties (e.g. as cre-ated by `GLstring_expand_longer`)
[2] [3] [4] [5]
Overfull \hbox (8.72697pt too wide) in paragraph at lines 313--316
[]\T1/ptm/m/n/10 A data frame with the first geno-type am-bi-gu-ity re-tained i
n the orig-i-nal columns. If []\T1/zi4/m/n/10 keep_ambiguities
[6]
Overfull \hbox (32.27168pt too wide) in paragraph at lines 322--322
 []\T1/zi4/m/n/9 HLA_A = c("A*01:01+A*68:01|A*01:02+A*68:55|A*01:99+A*68:66", "
A*02:01+A*03:01|A*02:02+A*03:03"),[] 

Overfull \hbox (12.75941pt too wide) in paragraph at lines 327--327
 []\T1/zi4/m/n/9 GLstring_genotype_ambiguity(HLA_type, columns = c("HLA_A", "HL
A_B"), keep_ambiguities = TRUE)[] 

Underfull \hbox (badness 10000) in paragraph at lines 365--365
[]\T1/ptm/m/it/10 Ten HLA-A~C~B~DRB3/4/5~DRB1~DQA1~DQB1~DPA1~DPB1
[7] [8] [9]
Overfull \hbox (52.0458pt too wide) in paragraph at lines 533--538
[]\T1/ptm/m/n/10 Calculates the num-ber of HLA matches as two mi-nus the num-be
r of mis-matches from `HLA_mismatch_number`.
[10] [11] [12]
Overfull \hbox (44.26862pt too wide) in paragraph at lines 716--716
 []\T1/zi4/m/n/9 # "HLA-A=HLA-A3+HLA-A69, HLA-Cw=HLA-Cw10+HLA-Cw9, HLA-DR51/52/
53=HLA-DR53, HLA-DPB1=HLA-DPB1*04:02"[] 
[13] [14]
Overfull \hbox (44.26862pt too wide) in paragraph at lines 782--782
 []\T1/zi4/m/n/9 # "HLA-A=HLA-A3+HLA-A69, HLA-Cw=HLA-Cw10+HLA-Cw9, HLA-DR51/52/
53=HLA-DR53, HLA-DPB1=HLA-DPB1*04:02"[] 
[15] [16] [17] [18] [19] [20] [21]
(/private/var/folders/ty/t6ly5vw106q21p3tlt70_7_r0000gn/T/RtmpBzLuXo/Rd2pdfc1c7
2faa023d/Rd2.ind [22] [23])
(/private/var/folders/ty/t6ly5vw106q21p3tlt70_7_r0000gn/T/RtmpBzLuXo/Rd2pdfc1c7
2faa023d/Rd2.aux)

Package rerunfilecheck Warning: File `Rd2.out' has changed.
(rerunfilecheck)                Rerun to get outlines right
(rerunfilecheck)                or use package `bookmark'.

 )
(see the transcript file for additional information)</usr/local/texlive/2024/te
xmf-dist/fonts/type1/public/inconsolata/Inconsolata-zi4r.pfb></usr/local/texliv
e/2024/texmf-dist/fonts/type1/public/amsfonts/cm/cmsy10.pfb></usr/local/texlive
/2024/texmf-dist/fonts/type1/urw/times/utmb8a.pfb></usr/local/texlive/2024/texm
f-dist/fonts/type1/urw/times/utmr8a.pfb></usr/local/texlive/2024/texmf-dist/fon
ts/type1/urw/times/utmr8a.pfb></usr/local/texlive/2024/texmf-dist/fonts/type1/u
rw/times/utmri8a.pfb>
Output written on Rd2.pdf (23 pages, 133856 bytes).
Transcript written on Rd2.log.
This is makeindex, version 2.17 [TeX Live 2024] (kpathsea + Thai support).
Scanning input file Rd2.idx....done (32 entries accepted, 0 rejected).
Sorting entries....done (156 comparisons).
Generating output file Rd2.ind....done (52 lines written, 0 warnings).
Output written in Rd2.ind.
Transcript written in Rd2.ilg.
This is pdfTeX, Version 3.141592653-2.6-1.40.26 (TeX Live 2024) (preloaded format=pdflatex)
 restricted \write18 enabled.
entering extended mode
LaTeX2e <2023-11-01> patch level 1
L3 programming layer <2024-02-20>
(./Rd2.tex
(/usr/local/texlive/2024/texmf-dist/tex/latex/base/book.cls
Document Class: book 2023/05/17 v1.4n Standard LaTeX document class
(/usr/local/texlive/2024/texmf-dist/tex/latex/base/bk10.clo))
(/Library/Frameworks/R.framework/Resources/share/texmf/tex/latex/Rd.sty
(/usr/local/texlive/2024/texmf-dist/tex/latex/base/ifthen.sty)
(/usr/local/texlive/2024/texmf-dist/tex/generic/iftex/iftex.sty)
(/usr/local/texlive/2024/texmf-dist/tex/latex/tools/longtable.sty)
(/usr/local/texlive/2024/texmf-dist/tex/latex/tools/bm.sty)
(/usr/local/texlive/2024/texmf-dist/tex/latex/base/alltt.sty)
(/usr/local/texlive/2024/texmf-dist/tex/latex/tools/verbatim.sty)
(/usr/local/texlive/2024/texmf-dist/tex/latex/url/url.sty)
(/usr/local/texlive/2024/texmf-dist/tex/latex/base/textcomp.sty)
(/usr/local/texlive/2024/texmf-dist/tex/latex/amsmath/amsmath.sty
For additional information on amsmath, use the `?' option.
(/usr/local/texlive/2024/texmf-dist/tex/latex/amsmath/amstext.sty
(/usr/local/texlive/2024/texmf-dist/tex/latex/amsmath/amsgen.sty))
(/usr/local/texlive/2024/texmf-dist/tex/latex/amsmath/amsbsy.sty)
(/usr/local/texlive/2024/texmf-dist/tex/latex/amsmath/amsopn.sty))
(/usr/local/texlive/2024/texmf-dist/tex/latex/amsfonts/amsfonts.sty)
(/usr/local/texlive/2024/texmf-dist/tex/latex/amsfonts/amssymb.sty)
(/usr/local/texlive/2024/texmf-dist/tex/latex/jknapltx/mathrsfs.sty)
(/usr/local/texlive/2024/texmf-dist/tex/latex/base/fontenc.sty)
(/usr/local/texlive/2024/texmf-dist/tex/latex/psnfss/times.sty)
(/usr/local/texlive/2024/texmf-dist/tex/latex/inconsolata/zi4.sty
`inconsolata-zi4' v1.12, 2019/05/17 Text macros for Inconsolata (msharpe)
(/usr/local/texlive/2024/texmf-dist/tex/latex/xkeyval/xkeyval.sty
(/usr/local/texlive/2024/texmf-dist/tex/generic/xkeyval/xkeyval.tex
(/usr/local/texlive/2024/texmf-dist/tex/generic/xkeyval/xkvutils.tex
(/usr/local/texlive/2024/texmf-dist/tex/generic/xkeyval/keyval.tex)))))
(/usr/local/texlive/2024/texmf-dist/tex/latex/graphics/color.sty
(/usr/local/texlive/2024/texmf-dist/tex/latex/graphics-cfg/color.cfg)
(/usr/local/texlive/2024/texmf-dist/tex/latex/graphics-def/pdftex.def)
(/usr/local/texlive/2024/texmf-dist/tex/latex/graphics/mathcolor.ltx))
(/usr/local/texlive/2024/texmf-dist/tex/latex/hyperref/hyperref.sty
(/usr/local/texlive/2024/texmf-dist/tex/latex/kvsetkeys/kvsetkeys.sty)
(/usr/local/texlive/2024/texmf-dist/tex/generic/kvdefinekeys/kvdefinekeys.sty)
(/usr/local/texlive/2024/texmf-dist/tex/generic/pdfescape/pdfescape.sty
(/usr/local/texlive/2024/texmf-dist/tex/generic/ltxcmds/ltxcmds.sty)
(/usr/local/texlive/2024/texmf-dist/tex/generic/pdftexcmds/pdftexcmds.sty
(/usr/local/texlive/2024/texmf-dist/tex/generic/infwarerr/infwarerr.sty)))
(/usr/local/texlive/2024/texmf-dist/tex/latex/hycolor/hycolor.sty)
(/usr/local/texlive/2024/texmf-dist/tex/latex/auxhook/auxhook.sty)
(/usr/local/texlive/2024/texmf-dist/tex/latex/hyperref/nameref.sty
(/usr/local/texlive/2024/texmf-dist/tex/latex/refcount/refcount.sty)
(/usr/local/texlive/2024/texmf-dist/tex/generic/gettitlestring/gettitlestring.s
ty (/usr/local/texlive/2024/texmf-dist/tex/latex/kvoptions/kvoptions.sty)))
(/usr/local/texlive/2024/texmf-dist/tex/latex/etoolbox/etoolbox.sty)
(/usr/local/texlive/2024/texmf-dist/tex/latex/hyperref/pd1enc.def)
(/usr/local/texlive/2024/texmf-dist/tex/generic/intcalc/intcalc.sty)
(/usr/local/texlive/2024/texmf-dist/tex/latex/hyperref/puenc.def)
(/usr/local/texlive/2024/texmf-dist/tex/generic/bitset/bitset.sty
(/usr/local/texlive/2024/texmf-dist/tex/generic/bigintcalc/bigintcalc.sty))
(/usr/local/texlive/2024/texmf-dist/tex/latex/base/atbegshi-ltx.sty))
(/usr/local/texlive/2024/texmf-dist/tex/latex/hyperref/hpdftex.def
(/usr/local/texlive/2024/texmf-dist/tex/latex/base/atveryend-ltx.sty)
(/usr/local/texlive/2024/texmf-dist/tex/latex/rerunfilecheck/rerunfilecheck.sty

(/usr/local/texlive/2024/texmf-dist/tex/generic/uniquecounter/uniquecounter.sty
)))) (/usr/local/texlive/2024/texmf-dist/tex/latex/base/makeidx.sty)
Writing index file Rd2.idx
(/usr/local/texlive/2024/texmf-dist/tex/latex/psnfss/t1ptm.fd)
(/usr/local/texlive/2024/texmf-dist/tex/latex/l3backend/l3backend-pdftex.def)
(/private/var/folders/ty/t6ly5vw106q21p3tlt70_7_r0000gn/T/RtmpBzLuXo/Rd2pdfc1c7
2faa023d/Rd2.aux)
(/usr/local/texlive/2024/texmf-dist/tex/context/base/mkii/supp-pdf.mkii
[Loading MPS to PDF converter (version 2006.09.02).]
)
(/private/var/folders/ty/t6ly5vw106q21p3tlt70_7_r0000gn/T/RtmpBzLuXo/Rd2pdfc1c7
2faa023d/Rd2.out)
(/private/var/folders/ty/t6ly5vw106q21p3tlt70_7_r0000gn/T/RtmpBzLuXo/Rd2pdfc1c7
2faa023d/Rd2.out)
(/usr/local/texlive/2024/texmf-dist/tex/latex/inconsolata/t1zi4.fd)
(/usr/local/texlive/2024/texmf-dist/tex/latex/amsfonts/umsa.fd)
(/usr/local/texlive/2024/texmf-dist/tex/latex/amsfonts/umsb.fd)
(/usr/local/texlive/2024/texmf-dist/tex/latex/jknapltx/ursfs.fd)
(/private/var/folders/ty/t6ly5vw106q21p3tlt70_7_r0000gn/T/RtmpBzLuXo/Rd2pdfc1c7
2faa023d/Rd2.toc [1{/usr/local/texlive/2024/texmf-var/fonts/map/pdftex/updmap/p
dftex.map}{/usr/local/texlive/2024/texmf-dist/fonts/enc/dvips/base/8r.enc}{/usr
/local/texlive/2024/texmf-dist/fonts/enc/dvips/inconsolata/i4-t1-0.enc}])
Overfull \hbox (36.25578pt too wide) in paragraph at lines 44--48
[]\T1/ptm/m/n/10 A func-tion that con-verts a data ta-ble of HLA al-lele am-bi-
gu-i-ties (e.g. as cre-ated by `GLstring_expand_longer`)
[2] [3] [4] [5]
Overfull \hbox (8.72697pt too wide) in paragraph at lines 313--316
[]\T1/ptm/m/n/10 A data frame with the first geno-type am-bi-gu-ity re-tained i
n the orig-i-nal columns. If []\T1/zi4/m/n/10 keep_ambiguities
[6]
Overfull \hbox (32.27168pt too wide) in paragraph at lines 322--322
 []\T1/zi4/m/n/9 HLA_A = c("A*01:01+A*68:01|A*01:02+A*68:55|A*01:99+A*68:66", "
A*02:01+A*03:01|A*02:02+A*03:03"),[] 

Overfull \hbox (12.75941pt too wide) in paragraph at lines 327--327
 []\T1/zi4/m/n/9 GLstring_genotype_ambiguity(HLA_type, columns = c("HLA_A", "HL
A_B"), keep_ambiguities = TRUE)[] 

Underfull \hbox (badness 10000) in paragraph at lines 365--365
[]\T1/ptm/m/it/10 Ten HLA-A~C~B~DRB3/4/5~DRB1~DQA1~DQB1~DPA1~DPB1
[7] [8] [9]
Overfull \hbox (52.0458pt too wide) in paragraph at lines 533--538
[]\T1/ptm/m/n/10 Calculates the num-ber of HLA matches as two mi-nus the num-be
r of mis-matches from `HLA_mismatch_number`.
[10] [11] [12]
Overfull \hbox (44.26862pt too wide) in paragraph at lines 716--716
 []\T1/zi4/m/n/9 # "HLA-A=HLA-A3+HLA-A69, HLA-Cw=HLA-Cw10+HLA-Cw9, HLA-DR51/52/
53=HLA-DR53, HLA-DPB1=HLA-DPB1*04:02"[] 
[13] [14]
Overfull \hbox (44.26862pt too wide) in paragraph at lines 782--782
 []\T1/zi4/m/n/9 # "HLA-A=HLA-A3+HLA-A69, HLA-Cw=HLA-Cw10+HLA-Cw9, HLA-DR51/52/
53=HLA-DR53, HLA-DPB1=HLA-DPB1*04:02"[] 
[15] [16] [17] [18] [19] [20] [21]
(/private/var/folders/ty/t6ly5vw106q21p3tlt70_7_r0000gn/T/RtmpBzLuXo/Rd2pdfc1c7
2faa023d/Rd2.ind [22] [23])
(/private/var/folders/ty/t6ly5vw106q21p3tlt70_7_r0000gn/T/RtmpBzLuXo/Rd2pdfc1c7
2faa023d/Rd2.aux) )
(see the transcript file for additional information)</usr/local/texlive/2024/te
xmf-dist/fonts/type1/public/inconsolata/Inconsolata-zi4r.pfb></usr/local/texliv
e/2024/texmf-dist/fonts/type1/public/amsfonts/cm/cmsy10.pfb></usr/local/texlive
/2024/texmf-dist/fonts/type1/urw/times/utmb8a.pfb></usr/local/texlive/2024/texm
f-dist/fonts/type1/urw/times/utmr8a.pfb></usr/local/texlive/2024/texmf-dist/fon
ts/type1/urw/times/utmr8a.pfb></usr/local/texlive/2024/texmf-dist/fonts/type1/u
rw/times/utmri8a.pfb>
Output written on Rd2.pdf (23 pages, 134274 bytes).
Transcript written on Rd2.log.
Saving output to ‘immunogenetr-manual.pdf’ ...
Done
You may want to clean up by 'rm -Rf /var/folders/ty/t6ly5vw106q21p3tlt70_7_r0000gn/T//RtmpBzLuXo/Rd2pdfc1c72faa023d'
